android/app/build/intermediates/manifest_merge_blame_file/release/manifest-merger-blame-release-report.txt
1<?xml version="1.0" encoding="utf-8"?>
2<manifest xmlns:android="http://schemas.android.com/apk/res/android"
3    package="com.parksmart"
4    android:versionCode="210010101"
5    android:versionName="1.1.1-1" >
6
7    <uses-sdk
8        android:minSdkVersion="21"
8-->src\main\AndroidManifest.xml
9        android:targetSdkVersion="29" />
9-->src\main\AndroidManifest.xml
10
11    <uses-permission android:name="android.permission.INTERNET" />
11-->src\main\AndroidManifest.xml:4:5-67
11-->src\main\AndroidManifest.xml:4:22-64
12    <uses-permission android:name="android.permission.CAMERA" />
12-->src\main\AndroidManifest.xml:5:5-64
12-->src\main\AndroidManifest.xml:5:22-62
13    <uses-permission android:name="android.permission.WRITE_EXTERNAL_STORAGE" />
13-->src\main\AndroidManifest.xml:6:5-80
13-->src\main\AndroidManifest.xml:6:22-78
14    <uses-permission android:name="android.permission.ACCESS_NETWORK_STATE" />
14-->src\main\AndroidManifest.xml:7:5-79
14-->src\main\AndroidManifest.xml:7:22-76
15    <uses-permission android:name="android.permission.ACCESS_FINE_LOCATION" />
15-->src\main\AndroidManifest.xml:8:5-79
15-->src\main\AndroidManifest.xml:8:22-76
16    <uses-permission android:name="android.permission.VIBRATE" />
16-->src\main\AndroidManifest.xml:9:5-66
16-->src\main\AndroidManifest.xml:9:22-63
17    <uses-permission android:name="android.permission.RECEIVE_BOOT_COMPLETED" />
17-->src\main\AndroidManifest.xml:10:5-80
17-->src\main\AndroidManifest.xml:10:22-78
18
19    <uses-feature
19-->src\main\AndroidManifest.xml:11:5-85
20        android:name="android.hardware.camera"
20-->src\main\AndroidManifest.xml:11:19-57
21        android:required="false" />
21-->src\main\AndroidManifest.xml:11:58-82
22    <uses-feature
22-->src\main\AndroidManifest.xml:12:5-91
23        android:name="android.hardware.camera.front"
23-->src\main\AndroidManifest.xml:12:19-63
24        android:required="false" />
24-->src\main\AndroidManifest.xml:12:64-88
25
26    <!-- for Android 5.0 (API level 21) or higher. -->
27    <uses-feature android:name="android.hardware.location.gps" />
27-->src\main\AndroidManifest.xml:16:5-66
27-->src\main\AndroidManifest.xml:16:19-63
28    <uses-feature android:name="android.hardware.location.network" />
28-->src\main\AndroidManifest.xml:17:5-70
28-->src\main\AndroidManifest.xml:17:19-67
29
30    <uses-permission android:name="android.permission.ACCESS_COARSE_LOCATION" />
30-->[:react-native-maps] AndroidManifest.xml:10:5-81
30-->[:react-native-maps] AndroidManifest.xml:10:22-78
31    <uses-permission android:name="android.permission.ACCESS_WIFI_STATE" />
31-->[:react-native-community_netinfo] AndroidManifest.xml:10:5-76
31-->[:react-native-community_netinfo] AndroidManifest.xml:10:22-73
32
33    <queries>
33-->[:react-native-image-crop-picker] AndroidManifest.xml:10:5-14:15
34        <intent>
34-->[:react-native-image-crop-picker] AndroidManifest.xml:11:9-13:18
35            <action android:name="android.media.action.IMAGE_CAPTURE" />
35-->[:react-native-image-crop-picker] AndroidManifest.xml:12:13-73
35-->[:react-native-image-crop-picker] AndroidManifest.xml:12:21-70
36        </intent>
37        <!-- Needs to be explicitly declared on Android R+ -->
38        <package android:name="com.google.android.apps.maps" />
38-->[com.google.android.gms:play-services-maps:17.0.1] AndroidManifest.xml:33:9-64
38-->[com.google.android.gms:play-services-maps:17.0.1] AndroidManifest.xml:33:18-61
39    </queries>
40
41    <uses-feature
41-->[com.google.android.gms:play-services-maps:17.0.1] AndroidManifest.xml:26:5-28:35
42        android:glEsVersion="0x00020000"
42-->[com.google.android.gms:play-services-maps:17.0.1] AndroidManifest.xml:27:9-41
43        android:required="true" />
43-->[com.google.android.gms:play-services-maps:17.0.1] AndroidManifest.xml:28:9-32
44
45    <uses-permission android:name="android.permission.WAKE_LOCK" /> <!-- Required by older versions of Google Play services to create IID tokens -->
45-->[com.google.firebase:firebase-messaging:23.0.2] AndroidManifest.xml:26:5-68
45-->[com.google.firebase:firebase-messaging:23.0.2] AndroidManifest.xml:26:22-65
46    <uses-permission android:name="com.google.android.c2dm.permission.RECEIVE" /> <!-- for android -->
46-->[com.google.firebase:firebase-messaging:23.0.2] AndroidManifest.xml:28:5-82
46-->[com.google.firebase:firebase-messaging:23.0.2] AndroidManifest.xml:28:22-79
47    <!-- <uses-permission android:name="com.android.launcher.permission.READ_SETTINGS"/> -->
48    <!-- <uses-permission android:name="com.android.launcher.permission.WRITE_SETTINGS"/> -->
49    <!-- <uses-permission android:name="com.android.launcher.permission.INSTALL_SHORTCUT" /> -->
50    <!-- <uses-permission android:name="com.android.launcher.permission.UNINSTALL_SHORTCUT" /> -->
51    <!-- for Samsung -->
52    <uses-permission android:name="com.sec.android.provider.badge.permission.READ" />
52-->[me.leolin:ShortcutBadger:1.1.22] AndroidManifest.xml:19:5-86
52-->[me.leolin:ShortcutBadger:1.1.22] AndroidManifest.xml:19:22-83
53    <uses-permission android:name="com.sec.android.provider.badge.permission.WRITE" /> <!-- for htc -->
53-->[me.leolin:ShortcutBadger:1.1.22] AndroidManifest.xml:20:5-87
53-->[me.leolin:ShortcutBadger:1.1.22] AndroidManifest.xml:20:22-84
54    <uses-permission android:name="com.htc.launcher.permission.READ_SETTINGS" />
54-->[me.leolin:ShortcutBadger:1.1.22] AndroidManifest.xml:23:5-81
54-->[me.leolin:ShortcutBadger:1.1.22] AndroidManifest.xml:23:22-78
55    <uses-permission android:name="com.htc.launcher.permission.UPDATE_SHORTCUT" /> <!-- for sony -->
55-->[me.leolin:ShortcutBadger:1.1.22] AndroidManifest.xml:24:5-83
55-->[me.leolin:ShortcutBadger:1.1.22] AndroidManifest.xml:24:22-80
56    <uses-permission android:name="com.sonyericsson.home.permission.BROADCAST_BADGE" />
56-->[me.leolin:ShortcutBadger:1.1.22] AndroidManifest.xml:27:5-88
56-->[me.leolin:ShortcutBadger:1.1.22] AndroidManifest.xml:27:22-85
57    <uses-permission android:name="com.sonymobile.home.permission.PROVIDER_INSERT_BADGE" /> <!-- for apex -->
57-->[me.leolin:ShortcutBadger:1.1.22] AndroidManifest.xml:28:5-92
57-->[me.leolin:ShortcutBadger:1.1.22] AndroidManifest.xml:28:22-89
58    <uses-permission android:name="com.anddoes.launcher.permission.UPDATE_COUNT" /> <!-- for solid -->
58-->[me.leolin:ShortcutBadger:1.1.22] AndroidManifest.xml:31:5-84
58-->[me.leolin:ShortcutBadger:1.1.22] AndroidManifest.xml:31:22-81
59    <uses-permission android:name="com.majeur.launcher.permission.UPDATE_BADGE" /> <!-- for huawei -->
59-->[me.leolin:ShortcutBadger:1.1.22] AndroidManifest.xml:34:5-83
59-->[me.leolin:ShortcutBadger:1.1.22] AndroidManifest.xml:34:22-80
60    <uses-permission android:name="com.huawei.android.launcher.permission.CHANGE_BADGE" />
60-->[me.leolin:ShortcutBadger:1.1.22] AndroidManifest.xml:37:5-91
60-->[me.leolin:ShortcutBadger:1.1.22] AndroidManifest.xml:37:22-88
61    <uses-permission android:name="com.huawei.android.launcher.permission.READ_SETTINGS" />
61-->[me.leolin:ShortcutBadger:1.1.22] AndroidManifest.xml:38:5-92
61-->[me.leolin:ShortcutBadger:1.1.22] AndroidManifest.xml:38:22-89
62    <uses-permission android:name="com.huawei.android.launcher.permission.WRITE_SETTINGS" /> <!-- for ZUK -->
62-->[me.leolin:ShortcutBadger:1.1.22] AndroidManifest.xml:39:5-93
62-->[me.leolin:ShortcutBadger:1.1.22] AndroidManifest.xml:39:22-90
63    <uses-permission android:name="android.permission.READ_APP_BADGE" /> <!-- for OPPO -->
63-->[me.leolin:ShortcutBadger:1.1.22] AndroidManifest.xml:42:5-73
63-->[me.leolin:ShortcutBadger:1.1.22] AndroidManifest.xml:42:22-70
64    <uses-permission android:name="com.oppo.launcher.permission.READ_SETTINGS" />
64-->[me.leolin:ShortcutBadger:1.1.22] AndroidManifest.xml:45:5-82
64-->[me.leolin:ShortcutBadger:1.1.22] AndroidManifest.xml:45:22-79
65    <uses-permission android:name="com.oppo.launcher.permission.WRITE_SETTINGS" /> <!-- for EvMe -->
65-->[me.leolin:ShortcutBadger:1.1.22] AndroidManifest.xml:46:5-83
65-->[me.leolin:ShortcutBadger:1.1.22] AndroidManifest.xml:46:22-80
66    <uses-permission android:name="me.everything.badger.permission.BADGE_COUNT_READ" />
66-->[me.leolin:ShortcutBadger:1.1.22] AndroidManifest.xml:49:5-88
66-->[me.leolin:ShortcutBadger:1.1.22] AndroidManifest.xml:49:22-85
67    <uses-permission android:name="me.everything.badger.permission.BADGE_COUNT_WRITE" /> <!-- Permission will be merged into the manifest of the hosting app. -->
67-->[me.leolin:ShortcutBadger:1.1.22] AndroidManifest.xml:50:5-89
67-->[me.leolin:ShortcutBadger:1.1.22] AndroidManifest.xml:50:22-86
68    <!-- Is required to launch foreground extraction service for targetSdkVersion 28+. -->
69    <uses-permission android:name="android.permission.FOREGROUND_SERVICE" />
69-->[com.google.android.play:core:1.8.0] AndroidManifest.xml:8:3-74
69-->[com.google.android.play:core:1.8.0] AndroidManifest.xml:8:20-72
70
71    <application
71-->src\main\AndroidManifest.xml:19:5-56:19
72        android:name="com.parksmart.MainApplication"
72-->src\main\AndroidManifest.xml:20:7-38
73        android:allowBackup="false"
73-->src\main\AndroidManifest.xml:24:7-34
74        android:appComponentFactory="androidx.core.app.CoreComponentFactory"
74-->[androidx.core:core:1.3.1] AndroidManifest.xml:24:18-86
75        android:icon="@mipmap/ic_launcher"
75-->src\main\AndroidManifest.xml:22:7-41
76        android:label="@string/app_name"
76-->src\main\AndroidManifest.xml:21:7-39
77        android:roundIcon="@mipmap/ic_launcher_round"
77-->src\main\AndroidManifest.xml:23:7-52
78        android:theme="@style/AppTheme"
78-->src\main\AndroidManifest.xml:26:7-38
79        android:usesCleartextTraffic="true" >
79-->src\main\AndroidManifest.xml:25:7-42
80        <meta-data
80-->src\main\AndroidManifest.xml:27:7-121
81            android:name="com.google.android.geo.API_KEY"
81-->src\main\AndroidManifest.xml:27:18-63
82            android:value="AIzaSyCi37U2RYVZidLevjqPPyHZaAZLV9JODDg" />
82-->src\main\AndroidManifest.xml:27:64-119
83        <!-- Change the value to true to enable pop-up for in foreground on receiving remote notifications (for prevent duplicating while showing local notifications set this to false) -->
84        <meta-data
84-->src\main\AndroidManifest.xml:29:9-30:44
85            android:name="com.dieam.reactnativepushnotification.notification_foreground"
85-->src\main\AndroidManifest.xml:29:21-97
86            android:value="false" />
86-->src\main\AndroidManifest.xml:30:21-42
87        <!-- Change the resource name to your App's accent color - or any other color you want -->
88        <meta-data
88-->src\main\AndroidManifest.xml:32:9-33:54
89            android:name="com.dieam.reactnativepushnotification.notification_color"
89-->src\main\AndroidManifest.xml:32:21-92
90            android:resource="@color/white" /> <!-- or @android:color/{name} to use a standard color -->
90-->src\main\AndroidManifest.xml:33:21-52
91
92        <receiver android:name="com.dieam.reactnativepushnotification.modules.RNPushNotificationActions" />
92-->src\main\AndroidManifest.xml:35:9-108
92-->src\main\AndroidManifest.xml:35:19-105
93        <receiver android:name="com.dieam.reactnativepushnotification.modules.RNPushNotificationPublisher" />
93-->src\main\AndroidManifest.xml:36:9-110
93-->src\main\AndroidManifest.xml:36:19-107
94        <receiver android:name="com.dieam.reactnativepushnotification.modules.RNPushNotificationBootEventReceiver" >
94-->src\main\AndroidManifest.xml:37:9-43:20
94-->src\main\AndroidManifest.xml:37:19-115
95            <intent-filter>
95-->src\main\AndroidManifest.xml:38:13-42:29
96                <action android:name="android.intent.action.BOOT_COMPLETED" />
96-->src\main\AndroidManifest.xml:39:17-79
96-->src\main\AndroidManifest.xml:39:25-76
97                <action android:name="android.intent.action.QUICKBOOT_POWERON" />
97-->src\main\AndroidManifest.xml:40:17-82
97-->src\main\AndroidManifest.xml:40:25-79
98                <action android:name="com.htc.intent.action.QUICKBOOT_POWERON" />
98-->src\main\AndroidManifest.xml:41:17-81
98-->src\main\AndroidManifest.xml:41:25-79
99            </intent-filter>
100        </receiver>
101
102        <activity
102-->src\main\AndroidManifest.xml:45:7-55:18
103            android:name="com.parksmart.MainActivity"
103-->src\main\AndroidManifest.xml:46:9-37
104            android:configChanges="keyboard|keyboardHidden|orientation|screenSize|uiMode"
104-->src\main\AndroidManifest.xml:48:9-86
105            android:label="@string/app_name"
105-->src\main\AndroidManifest.xml:47:9-41
106            android:launchMode="singleTask"
106-->src\main\AndroidManifest.xml:49:9-40
107            android:windowSoftInputMode="adjustPan" >
107-->src\main\AndroidManifest.xml:50:9-48
108            <intent-filter>
108-->src\main\AndroidManifest.xml:51:9-54:25
109                <action android:name="android.intent.action.MAIN" />
109-->src\main\AndroidManifest.xml:52:13-65
109-->src\main\AndroidManifest.xml:52:21-62
110
111                <category android:name="android.intent.category.LAUNCHER" />
111-->src\main\AndroidManifest.xml:53:13-73
111-->src\main\AndroidManifest.xml:53:23-70
112            </intent-filter>
113        </activity>
114
115        <provider
115-->[:react-native-image-crop-picker] AndroidManifest.xml:19:9-27:20
116            android:name="androidx.core.content.FileProvider"
116-->[:react-native-image-crop-picker] AndroidManifest.xml:20:13-62
117            android:authorities="com.parksmart.provider"
117-->[:react-native-image-crop-picker] AndroidManifest.xml:21:13-60
118            android:exported="false"
118-->[:react-native-image-crop-picker] AndroidManifest.xml:22:13-37
119            android:grantUriPermissions="true" >
119-->[:react-native-image-crop-picker] AndroidManifest.xml:23:13-47
120            <meta-data
120-->[:react-native-image-crop-picker] AndroidManifest.xml:24:13-26:58
121                android:name="android.support.FILE_PROVIDER_PATHS"
121-->[:react-native-image-crop-picker] AndroidManifest.xml:25:17-67
122                android:resource="@xml/provider_paths" />
122-->[:react-native-image-crop-picker] AndroidManifest.xml:26:17-55
123        </provider>
124
125        <activity
125-->[:react-native-image-crop-picker] AndroidManifest.xml:29:9-31:72
126            android:name="com.yalantis.ucrop.UCropActivity"
126-->[:react-native-image-crop-picker] AndroidManifest.xml:30:13-60
127            android:theme="@style/Theme.AppCompat.Light.NoActionBar" />
127-->[:react-native-image-crop-picker] AndroidManifest.xml:31:13-69
128
129        <provider
129-->[:react-native-image-picker] AndroidManifest.xml:12:9-20:20
130            android:name="com.imagepicker.ImagePickerProvider"
130-->[:react-native-image-picker] AndroidManifest.xml:13:13-63
131            android:authorities="com.parksmart.imagepickerprovider"
131-->[:react-native-image-picker] AndroidManifest.xml:14:13-71
132            android:exported="false"
132-->[:react-native-image-picker] AndroidManifest.xml:15:13-37
133            android:grantUriPermissions="true" >
133-->[:react-native-image-picker] AndroidManifest.xml:16:13-47
134            <meta-data
134-->[:react-native-image-crop-picker] AndroidManifest.xml:24:13-26:58
135                android:name="android.support.FILE_PROVIDER_PATHS"
135-->[:react-native-image-crop-picker] AndroidManifest.xml:25:17-67
136                android:resource="@xml/imagepicker_provider_paths" />
136-->[:react-native-image-crop-picker] AndroidManifest.xml:26:17-55
137        </provider>
138        <provider
138-->[:react-native-share] AndroidManifest.xml:10:9-18:20
139            android:name="cl.json.RNShareFileProvider"
139-->[:react-native-share] AndroidManifest.xml:11:13-55
140            android:authorities="com.parksmart.rnshare.fileprovider"
140-->[:react-native-share] AndroidManifest.xml:12:13-72
141            android:exported="false"
141-->[:react-native-share] AndroidManifest.xml:13:13-37
142            android:grantUriPermissions="true" >
142-->[:react-native-share] AndroidManifest.xml:14:13-47
143            <meta-data
143-->[:react-native-image-crop-picker] AndroidManifest.xml:24:13-26:58
144                android:name="android.support.FILE_PROVIDER_PATHS"
144-->[:react-native-image-crop-picker] AndroidManifest.xml:25:17-67
145                android:resource="@xml/share_download_paths" />
145-->[:react-native-image-crop-picker] AndroidManifest.xml:26:17-55
146        </provider> <!-- Needs to be explicitly declared on P+ -->
147        <uses-library
147-->[com.google.android.gms:play-services-maps:17.0.1] AndroidManifest.xml:39:9-41:40
148            android:name="org.apache.http.legacy"
148-->[com.google.android.gms:play-services-maps:17.0.1] AndroidManifest.xml:40:13-50
149            android:required="false" />
149-->[com.google.android.gms:play-services-maps:17.0.1] AndroidManifest.xml:41:13-37
150
151        <receiver
151-->[com.google.firebase:firebase-messaging:23.0.2] AndroidManifest.xml:31:9-38:20
152            android:name="com.google.firebase.iid.FirebaseInstanceIdReceiver"
152-->[com.google.firebase:firebase-messaging:23.0.2] AndroidManifest.xml:32:13-78
153            android:exported="true"
153-->[com.google.firebase:firebase-messaging:23.0.2] AndroidManifest.xml:33:13-36
154            android:permission="com.google.android.c2dm.permission.SEND" >
154-->[com.google.firebase:firebase-messaging:23.0.2] AndroidManifest.xml:34:13-73
155            <intent-filter>
155-->[com.google.firebase:firebase-messaging:23.0.2] AndroidManifest.xml:35:13-37:29
156                <action android:name="com.google.android.c2dm.intent.RECEIVE" />
156-->[com.google.firebase:firebase-messaging:23.0.2] AndroidManifest.xml:36:17-81
156-->[com.google.firebase:firebase-messaging:23.0.2] AndroidManifest.xml:36:25-78
157            </intent-filter>
158        </receiver>
159        <!--
160             FirebaseMessagingService performs security checks at runtime,
161             but set to not exported to explicitly avoid allowing another app to call it.
162        -->
163        <service
163-->[com.google.firebase:firebase-messaging:23.0.2] AndroidManifest.xml:44:9-51:19
164            android:name="com.google.firebase.messaging.FirebaseMessagingService"
164-->[com.google.firebase:firebase-messaging:23.0.2] AndroidManifest.xml:45:13-82
165            android:directBootAware="true"
165-->[com.google.firebase:firebase-messaging:23.0.2] AndroidManifest.xml:46:13-43
166            android:exported="false" >
166-->[com.google.firebase:firebase-messaging:23.0.2] AndroidManifest.xml:47:13-37
167            <intent-filter android:priority="-500" >
167-->[com.google.firebase:firebase-messaging:23.0.2] AndroidManifest.xml:48:13-50:29
167-->[com.google.firebase:firebase-messaging:23.0.2] AndroidManifest.xml:48:28-51
168                <action android:name="com.google.firebase.MESSAGING_EVENT" />
168-->[com.google.firebase:firebase-messaging:23.0.2] AndroidManifest.xml:49:17-78
168-->[com.google.firebase:firebase-messaging:23.0.2] AndroidManifest.xml:49:25-75
169            </intent-filter>
170        </service>
171        <service
171-->[com.google.firebase:firebase-messaging:23.0.2] AndroidManifest.xml:52:9-58:19
172            android:name="com.google.firebase.components.ComponentDiscoveryService"
172-->[com.google.firebase:firebase-messaging:23.0.2] AndroidManifest.xml:53:13-84
173            android:directBootAware="true"
173-->[com.google.firebase:firebase-common:20.1.0] AndroidManifest.xml:35:13-43
174            android:exported="false" >
174-->[com.google.firebase:firebase-messaging:23.0.2] AndroidManifest.xml:54:13-37
175            <meta-data
175-->[com.google.firebase:firebase-messaging:23.0.2] AndroidManifest.xml:55:13-57:85
176                android:name="com.google.firebase.components:com.google.firebase.messaging.FirebaseMessagingRegistrar"
176-->[com.google.firebase:firebase-messaging:23.0.2] AndroidManifest.xml:56:17-119
177                android:value="com.google.firebase.components.ComponentRegistrar" />
177-->[com.google.firebase:firebase-messaging:23.0.2] AndroidManifest.xml:57:17-82
178            <meta-data
178-->[com.google.firebase:firebase-datatransport:18.1.1] AndroidManifest.xml:28:13-30:85
179                android:name="com.google.firebase.components:com.google.firebase.datatransport.TransportRegistrar"
179-->[com.google.firebase:firebase-datatransport:18.1.1] AndroidManifest.xml:29:17-115
180                android:value="com.google.firebase.components.ComponentRegistrar" />
180-->[com.google.firebase:firebase-datatransport:18.1.1] AndroidManifest.xml:30:17-82
181            <meta-data
181-->[com.google.firebase:firebase-installations:17.0.1] AndroidManifest.xml:18:13-20:85
182                android:name="com.google.firebase.components:com.google.firebase.installations.FirebaseInstallationsRegistrar"
182-->[com.google.firebase:firebase-installations:17.0.1] AndroidManifest.xml:19:17-127
183                android:value="com.google.firebase.components.ComponentRegistrar" />
183-->[com.google.firebase:firebase-installations:17.0.1] AndroidManifest.xml:20:17-82
184        </service>
185
186        <activity
186-->[com.google.android.gms:play-services-base:18.0.1] AndroidManifest.xml:20:9-22:45
187            android:name="com.google.android.gms.common.api.GoogleApiActivity"
187-->[com.google.android.gms:play-services-base:18.0.1] AndroidManifest.xml:20:19-85
188            android:exported="false"
188-->[com.google.android.gms:play-services-base:18.0.1] AndroidManifest.xml:22:19-43
189            android:theme="@android:style/Theme.Translucent.NoTitleBar" />
189-->[com.google.android.gms:play-services-base:18.0.1] AndroidManifest.xml:21:19-78
190
191        <service
191-->[com.google.android.datatransport:transport-backend-cct:3.1.2] AndroidManifest.xml:29:9-35:19
192            android:name="com.google.android.datatransport.runtime.backends.TransportBackendDiscovery"
192-->[com.google.android.datatransport:transport-backend-cct:3.1.2] AndroidManifest.xml:30:13-103
193            android:exported="false" >
193-->[com.google.android.datatransport:transport-backend-cct:3.1.2] AndroidManifest.xml:31:13-37
194            <meta-data
194-->[com.google.android.datatransport:transport-backend-cct:3.1.2] AndroidManifest.xml:32:13-34:39
195                android:name="backend:com.google.android.datatransport.cct.CctBackendFactory"
195-->[com.google.android.datatransport:transport-backend-cct:3.1.2] AndroidManifest.xml:33:17-94
196                android:value="cct" />
196-->[com.google.android.datatransport:transport-backend-cct:3.1.2] AndroidManifest.xml:34:17-36
197        </service>
198        <service
198-->[com.google.android.datatransport:transport-runtime:3.1.2] AndroidManifest.xml:26:9-30:19
199            android:name="com.google.android.datatransport.runtime.scheduling.jobscheduling.JobInfoSchedulerService"
199-->[com.google.android.datatransport:transport-runtime:3.1.2] AndroidManifest.xml:27:13-117
200            android:exported="false"
200-->[com.google.android.datatransport:transport-runtime:3.1.2] AndroidManifest.xml:28:13-37
201            android:permission="android.permission.BIND_JOB_SERVICE" >
201-->[com.google.android.datatransport:transport-runtime:3.1.2] AndroidManifest.xml:29:13-69
202        </service>
203
204        <receiver
204-->[com.google.android.datatransport:transport-runtime:3.1.2] AndroidManifest.xml:32:9-34:40
205            android:name="com.google.android.datatransport.runtime.scheduling.jobscheduling.AlarmManagerSchedulerBroadcastReceiver"
205-->[com.google.android.datatransport:transport-runtime:3.1.2] AndroidManifest.xml:33:13-132
206            android:exported="false" />
206-->[com.google.android.datatransport:transport-runtime:3.1.2] AndroidManifest.xml:34:13-37
207
208        <meta-data
208-->[com.github.bumptech.glide:okhttp3-integration:4.12.0] AndroidManifest.xml:11:9-13:43
209            android:name="com.bumptech.glide.integration.okhttp3.OkHttpGlideModule"
209-->[com.github.bumptech.glide:okhttp3-integration:4.12.0] AndroidManifest.xml:12:13-84
210            android:value="GlideModule" />
210-->[com.github.bumptech.glide:okhttp3-integration:4.12.0] AndroidManifest.xml:13:13-40
211
212        <provider
212-->[com.google.firebase:firebase-common:20.1.0] AndroidManifest.xml:26:9-31:39
213            android:name="com.google.firebase.provider.FirebaseInitProvider"
213-->[com.google.firebase:firebase-common:20.1.0] AndroidManifest.xml:27:13-77
214            android:authorities="com.parksmart.firebaseinitprovider"
214-->[com.google.firebase:firebase-common:20.1.0] AndroidManifest.xml:28:13-72
215            android:directBootAware="true"
215-->[com.google.firebase:firebase-common:20.1.0] AndroidManifest.xml:29:13-43
216            android:exported="false"
216-->[com.google.firebase:firebase-common:20.1.0] AndroidManifest.xml:30:13-37
217            android:initOrder="100" />
217-->[com.google.firebase:firebase-common:20.1.0] AndroidManifest.xml:31:13-36
218
219        <meta-data
219-->[com.google.android.gms:play-services-basement:18.0.0] AndroidManifest.xml:21:9-23:69
220            android:name="com.google.android.gms.version"
220-->[com.google.android.gms:play-services-basement:18.0.0] AndroidManifest.xml:22:13-58
221            android:value="@integer/google_play_services_version" /> <!-- The activities will be merged into the manifest of the hosting app. -->
221-->[com.google.android.gms:play-services-basement:18.0.0] AndroidManifest.xml:23:13-66
222        <activity
222-->[com.google.android.play:core:1.8.0] AndroidManifest.xml:12:5-271
223            android:name="com.google.android.play.core.missingsplits.PlayCoreMissingSplitsActivity"
223-->[com.google.android.play:core:1.8.0] AndroidManifest.xml:12:15-102
224            android:enabled="false"
224-->[com.google.android.play:core:1.8.0] AndroidManifest.xml:12:103-126
225            android:exported="false"
225-->[com.google.android.play:core:1.8.0] AndroidManifest.xml:12:127-151
226            android:launchMode="singleInstance"
226-->[com.google.android.play:core:1.8.0] AndroidManifest.xml:12:204-239
227            android:process=":playcore_missing_splits_activity"
227-->[com.google.android.play:core:1.8.0] AndroidManifest.xml:12:152-203
228            android:stateNotNeeded="true" />
228-->[com.google.android.play:core:1.8.0] AndroidManifest.xml:12:240-269
229        <activity
229-->[com.google.android.play:core:1.8.0] AndroidManifest.xml:13:5-226
230            android:name="com.google.android.play.core.common.PlayCoreDialogWrapperActivity"
230-->[com.google.android.play:core:1.8.0] AndroidManifest.xml:13:15-95
231            android:enabled="false"
231-->[com.google.android.play:core:1.8.0] AndroidManifest.xml:13:96-119
232            android:exported="false"
232-->[com.google.android.play:core:1.8.0] AndroidManifest.xml:13:120-144
233            android:stateNotNeeded="true"
233-->[com.google.android.play:core:1.8.0] AndroidManifest.xml:13:145-174
234            android:theme="@style/Theme.PlayCore.Transparent" /> <!-- The service will be merged into the manifest of the hosting app. -->
234-->[com.google.android.play:core:1.8.0] AndroidManifest.xml:13:175-224
235        <service
235-->[com.google.android.play:core:1.8.0] AndroidManifest.xml:16:5-145
236            android:name="com.google.android.play.core.assetpacks.AssetPackExtractionService"
236-->[com.google.android.play:core:1.8.0] AndroidManifest.xml:16:14-95
237            android:enabled="false"
237-->[com.google.android.play:core:1.8.0] AndroidManifest.xml:16:96-119
238            android:exported="true" />
238-->[com.google.android.play:core:1.8.0] AndroidManifest.xml:16:120-143
239    </application>
240
241</manifest>